{"/Users/alecremond/dev/FrontendMentor/todo-app/postcss.config.js": {"path":"/Users/alecremond/dev/FrontendMentor/todo-app/postcss.config.js","all":true,"statementMap":{"0":{"start":{"line":1,"column":0},"end":{"line":1,"column":16}},"1":{"start":{"line":2,"column":0},"end":{"line":2,"column":12}},"2":{"start":{"line":3,"column":0},"end":{"line":3,"column":20}},"3":{"start":{"line":4,"column":0},"end":{"line":4,"column":21}},"4":{"start":{"line":5,"column":0},"end":{"line":5,"column":4}},"5":{"start":{"line":6,"column":0},"end":{"line":6,"column":1}}},"s":{"0":0,"1":0,"2":0,"3":0,"4":0,"5":0},"branchMap":{"0":{"type":"branch","line":1,"loc":{"start":{"line":1,"column":0},"end":{"line":6,"column":-11}},"locations":[{"start":{"line":1,"column":0},"end":{"line":6,"column":-11}}]}},"b":{"0":[0]},"fnMap":{"0":{"name":"(empty-report)","decl":{"start":{"line":1,"column":0},"end":{"line":6,"column":-11}},"loc":{"start":{"line":1,"column":0},"end":{"line":6,"column":-11}},"line":1}},"f":{"0":0}}
,"/Users/alecremond/dev/FrontendMentor/todo-app/tailwind.config.js": {"path":"/Users/alecremond/dev/FrontendMentor/todo-app/tailwind.config.js","all":true,"statementMap":{"0":{"start":{"line":1,"column":0},"end":{"line":1,"column":43}},"1":{"start":{"line":2,"column":0},"end":{"line":2,"column":16}},"2":{"start":{"line":3,"column":0},"end":{"line":3,"column":58}},"3":{"start":{"line":4,"column":0},"end":{"line":4,"column":11}},"4":{"start":{"line":5,"column":0},"end":{"line":5,"column":33}},"5":{"start":{"line":6,"column":0},"end":{"line":6,"column":4}},"6":{"start":{"line":7,"column":0},"end":{"line":7,"column":10}},"7":{"start":{"line":8,"column":0},"end":{"line":8,"column":17}},"8":{"start":{"line":9,"column":0},"end":{"line":9,"column":46}},"9":{"start":{"line":10,"column":0},"end":{"line":10,"column":6}},"10":{"start":{"line":11,"column":0},"end":{"line":11,"column":13}},"11":{"start":{"line":12,"column":0},"end":{"line":12,"column":15}},"12":{"start":{"line":13,"column":0},"end":{"line":13,"column":56}},"13":{"start":{"line":14,"column":0},"end":{"line":14,"column":60}},"14":{"start":{"line":15,"column":0},"end":{"line":15,"column":62}},"15":{"start":{"line":16,"column":0},"end":{"line":16,"column":58}},"16":{"start":{"line":17,"column":0},"end":{"line":17,"column":58}},"17":{"start":{"line":18,"column":0},"end":{"line":18,"column":58}},"18":{"start":{"line":19,"column":0},"end":{"line":19,"column":60}},"19":{"start":{"line":20,"column":0},"end":{"line":20,"column":64}},"20":{"start":{"line":21,"column":0},"end":{"line":21,"column":8}},"21":{"start":{"line":22,"column":0},"end":{"line":22,"column":18}},"22":{"start":{"line":23,"column":0},"end":{"line":23,"column":17}},"23":{"start":{"line":24,"column":0},"end":{"line":24,"column":46}},"24":{"start":{"line":25,"column":0},"end":{"line":25,"column":46}},"25":{"start":{"line":26,"column":0},"end":{"line":26,"column":10}},"26":{"start":{"line":27,"column":0},"end":{"line":27,"column":8}},"27":{"start":{"line":28,"column":0},"end":{"line":28,"column":18}},"28":{"start":{"line":29,"column":0},"end":{"line":29,"column":37}},"29":{"start":{"line":30,"column":0},"end":{"line":30,"column":8}},"30":{"start":{"line":31,"column":0},"end":{"line":31,"column":6}},"31":{"start":{"line":32,"column":0},"end":{"line":32,"column":4}},"32":{"start":{"line":33,"column":0},"end":{"line":33,"column":2}}},"s":{"0":0,"1":0,"2":0,"3":0,"4":0,"5":0,"6":0,"7":0,"8":0,"9":0,"10":0,"11":0,"12":0,"13":0,"14":0,"15":0,"16":0,"17":0,"18":0,"19":0,"20":0,"21":0,"22":0,"23":0,"24":0,"25":0,"26":0,"27":0,"28":0,"29":0,"30":0,"31":0,"32":0},"branchMap":{"0":{"type":"branch","line":1,"loc":{"start":{"line":1,"column":0},"end":{"line":33,"column":-13}},"locations":[{"start":{"line":1,"column":0},"end":{"line":33,"column":-13}}]}},"b":{"0":[0]},"fnMap":{"0":{"name":"(empty-report)","decl":{"start":{"line":1,"column":0},"end":{"line":33,"column":-13}},"loc":{"start":{"line":1,"column":0},"end":{"line":33,"column":-13}},"line":1}},"f":{"0":0}}
,"/Users/alecremond/dev/FrontendMentor/todo-app/src/App.tsx": {"path":"/Users/alecremond/dev/FrontendMentor/todo-app/src/App.tsx","all":false,"statementMap":{"0":{"start":{"line":1,"column":0},"end":{"line":1,"column":51}},"1":{"start":{"line":2,"column":0},"end":{"line":2,"column":41}},"2":{"start":{"line":3,"column":0},"end":{"line":3,"column":51}},"3":{"start":{"line":4,"column":0},"end":{"line":4,"column":45}},"4":{"start":{"line":5,"column":0},"end":{"line":5,"column":59}},"5":{"start":{"line":6,"column":0},"end":{"line":6,"column":53}},"7":{"start":{"line":8,"column":0},"end":{"line":8,"column":16}},"8":{"start":{"line":9,"column":0},"end":{"line":9,"column":10}},"9":{"start":{"line":10,"column":0},"end":{"line":10,"column":18}},"10":{"start":{"line":11,"column":0},"end":{"line":11,"column":23}},"11":{"start":{"line":12,"column":0},"end":{"line":12,"column":119}},"12":{"start":{"line":13,"column":0},"end":{"line":13,"column":20}},"13":{"start":{"line":14,"column":0},"end":{"line":14,"column":25}},"14":{"start":{"line":15,"column":0},"end":{"line":15,"column":22}},"15":{"start":{"line":16,"column":0},"end":{"line":16,"column":133}},"16":{"start":{"line":17,"column":0},"end":{"line":17,"column":27}},"18":{"start":{"line":19,"column":0},"end":{"line":19,"column":100}},"23":{"start":{"line":24,"column":0},"end":{"line":24,"column":1}},"25":{"start":{"line":26,"column":0},"end":{"line":26,"column":19}}},"s":{"0":1,"1":1,"2":1,"3":1,"4":1,"5":1,"7":7,"8":7,"9":7,"10":7,"11":7,"12":7,"13":7,"14":7,"15":7,"16":7,"18":7,"23":7,"25":1},"branchMap":{"0":{"type":"branch","line":8,"loc":{"start":{"line":8,"column":0},"end":{"line":24,"column":1}},"locations":[{"start":{"line":8,"column":0},"end":{"line":24,"column":1}}]}},"b":{"0":[7]},"fnMap":{"0":{"name":"App","decl":{"start":{"line":8,"column":0},"end":{"line":24,"column":1}},"loc":{"start":{"line":8,"column":0},"end":{"line":24,"column":1}},"line":8}},"f":{"0":7}}
,"/Users/alecremond/dev/FrontendMentor/todo-app/src/main.tsx": {"path":"/Users/alecremond/dev/FrontendMentor/todo-app/src/main.tsx","all":true,"statementMap":{"0":{"start":{"line":1,"column":0},"end":{"line":1,"column":35}},"1":{"start":{"line":2,"column":0},"end":{"line":2,"column":46}},"3":{"start":{"line":4,"column":0},"end":{"line":4,"column":28}},"4":{"start":{"line":5,"column":0},"end":{"line":5,"column":61}},"6":{"start":{"line":7,"column":0},"end":{"line":7,"column":21}},"8":{"start":{"line":9,"column":0},"end":{"line":9,"column":52}},"9":{"start":{"line":10,"column":0},"end":{"line":10,"column":14}},"10":{"start":{"line":11,"column":0},"end":{"line":11,"column":19}},"11":{"start":{"line":12,"column":0},"end":{"line":12,"column":13}}},"s":{"0":0,"1":0,"3":0,"4":0,"6":0,"8":0,"9":0,"10":0,"11":0},"branchMap":{"0":{"type":"branch","line":1,"loc":{"start":{"line":1,"column":341},"end":{"line":15,"column":2}},"locations":[{"start":{"line":1,"column":341},"end":{"line":15,"column":2}}]}},"b":{"0":[0]},"fnMap":{"0":{"name":"(empty-report)","decl":{"start":{"line":1,"column":341},"end":{"line":15,"column":2}},"loc":{"start":{"line":1,"column":341},"end":{"line":15,"column":2}},"line":1}},"f":{"0":0}}
,"/Users/alecremond/dev/FrontendMentor/todo-app/src/components/Filters.tsx": {"path":"/Users/alecremond/dev/FrontendMentor/todo-app/src/components/Filters.tsx","all":false,"statementMap":{"0":{"start":{"line":1,"column":0},"end":{"line":1,"column":35}},"2":{"start":{"line":3,"column":0},"end":{"line":3,"column":53}},"3":{"start":{"line":4,"column":0},"end":{"line":4,"column":40}},"5":{"start":{"line":6,"column":0},"end":{"line":6,"column":23}},"6":{"start":{"line":7,"column":0},"end":{"line":7,"column":56}},"8":{"start":{"line":9,"column":0},"end":{"line":9,"column":67}},"10":{"start":{"line":11,"column":0},"end":{"line":11,"column":32}},"11":{"start":{"line":12,"column":0},"end":{"line":12,"column":29}},"12":{"start":{"line":13,"column":0},"end":{"line":13,"column":27}},"13":{"start":{"line":14,"column":0},"end":{"line":14,"column":28}},"14":{"start":{"line":15,"column":0},"end":{"line":15,"column":7}},"15":{"start":{"line":16,"column":0},"end":{"line":16,"column":7}},"16":{"start":{"line":17,"column":0},"end":{"line":17,"column":4}},"18":{"start":{"line":19,"column":0},"end":{"line":19,"column":10}},"19":{"start":{"line":20,"column":0},"end":{"line":20,"column":113}},"20":{"start":{"line":21,"column":0},"end":{"line":21,"column":59}},"21":{"start":{"line":22,"column":0},"end":{"line":22,"column":59}},"23":{"start":{"line":24,"column":0},"end":{"line":24,"column":38}},"24":{"start":{"line":25,"column":0},"end":{"line":25,"column":23}},"26":{"start":{"line":27,"column":0},"end":{"line":27,"column":13}},"27":{"start":{"line":28,"column":0},"end":{"line":28,"column":79}},"28":{"start":{"line":29,"column":0},"end":{"line":29,"column":32}},"29":{"start":{"line":30,"column":0},"end":{"line":30,"column":7}},"34":{"start":{"line":35,"column":0},"end":{"line":35,"column":2}},"36":{"start":{"line":37,"column":0},"end":{"line":37,"column":23}}},"s":{"0":1,"2":1,"3":1,"5":1,"6":9,"8":9,"10":9,"11":0,"12":0,"13":0,"14":0,"15":0,"16":0,"18":9,"19":9,"20":9,"21":9,"23":9,"24":9,"26":9,"27":9,"28":9,"29":9,"34":9,"36":1},"branchMap":{"0":{"type":"branch","line":6,"loc":{"start":{"line":6,"column":16},"end":{"line":35,"column":2}},"locations":[{"start":{"line":6,"column":16},"end":{"line":35,"column":2}}]},"1":{"type":"branch","line":22,"loc":{"start":{"line":22,"column":33},"end":{"line":22,"column":46}},"locations":[{"start":{"line":22,"column":33},"end":{"line":22,"column":46}}]},"2":{"type":"branch","line":9,"loc":{"start":{"line":9,"column":33},"end":{"line":9,"column":58}},"locations":[{"start":{"line":9,"column":33},"end":{"line":9,"column":58}}]}},"b":{"0":[9],"1":[0],"2":[35]},"fnMap":{"0":{"name":"Filters","decl":{"start":{"line":6,"column":16},"end":{"line":35,"column":2}},"loc":{"start":{"line":6,"column":16},"end":{"line":35,"column":2}},"line":6},"1":{"name":"clearCompleted","decl":{"start":{"line":11,"column":25},"end":{"line":17,"column":4}},"loc":{"start":{"line":11,"column":25},"end":{"line":17,"column":4}},"line":11}},"f":{"0":9,"1":0}}
,"/Users/alecremond/dev/FrontendMentor/todo-app/src/components/FiltersLink.tsx": {"path":"/Users/alecremond/dev/FrontendMentor/todo-app/src/components/FiltersLink.tsx","all":false,"statementMap":{"0":{"start":{"line":1,"column":0},"end":{"line":1,"column":24}},"1":{"start":{"line":2,"column":0},"end":{"line":2,"column":35}},"2":{"start":{"line":3,"column":0},"end":{"line":3,"column":41}},"4":{"start":{"line":5,"column":0},"end":{"line":5,"column":59}},"6":{"start":{"line":7,"column":0},"end":{"line":7,"column":27}},"7":{"start":{"line":8,"column":0},"end":{"line":8,"column":74}},"9":{"start":{"line":10,"column":0},"end":{"line":10,"column":49}},"10":{"start":{"line":11,"column":0},"end":{"line":11,"column":31}},"11":{"start":{"line":12,"column":0},"end":{"line":12,"column":4}},"13":{"start":{"line":14,"column":0},"end":{"line":14,"column":84}},"15":{"start":{"line":16,"column":0},"end":{"line":16,"column":47}},"16":{"start":{"line":17,"column":0},"end":{"line":17,"column":46}},"17":{"start":{"line":18,"column":0},"end":{"line":18,"column":12}},"18":{"start":{"line":19,"column":0},"end":{"line":19,"column":18}},"19":{"start":{"line":20,"column":0},"end":{"line":20,"column":12}},"20":{"start":{"line":21,"column":0},"end":{"line":21,"column":52}},"21":{"start":{"line":22,"column":0},"end":{"line":22,"column":49}},"22":{"start":{"line":23,"column":0},"end":{"line":23,"column":9}},"25":{"start":{"line":26,"column":0},"end":{"line":26,"column":10}},"26":{"start":{"line":27,"column":0},"end":{"line":27,"column":6}},"27":{"start":{"line":28,"column":0},"end":{"line":28,"column":91}},"30":{"start":{"line":31,"column":0},"end":{"line":31,"column":97}},"33":{"start":{"line":34,"column":0},"end":{"line":34,"column":13}},"34":{"start":{"line":35,"column":0},"end":{"line":35,"column":49}},"35":{"start":{"line":36,"column":0},"end":{"line":36,"column":54}},"36":{"start":{"line":37,"column":0},"end":{"line":37,"column":7}},"41":{"start":{"line":42,"column":0},"end":{"line":42,"column":2}},"43":{"start":{"line":44,"column":0},"end":{"line":44,"column":27}}},"s":{"0":1,"1":1,"2":1,"4":1,"6":1,"7":16,"9":16,"10":0,"11":0,"13":16,"15":16,"16":16,"17":48,"18":48,"19":48,"20":48,"21":48,"22":48,"25":16,"26":16,"27":16,"30":16,"33":16,"34":16,"35":16,"36":16,"41":16,"43":1},"branchMap":{"0":{"type":"branch","line":7,"loc":{"start":{"line":7,"column":20},"end":{"line":42,"column":2}},"locations":[{"start":{"line":7,"column":20},"end":{"line":42,"column":2}}]},"1":{"type":"branch","line":17,"loc":{"start":{"line":17,"column":27},"end":{"line":23,"column":9}},"locations":[{"start":{"line":17,"column":27},"end":{"line":23,"column":9}}]}},"b":{"0":[16],"1":[48]},"fnMap":{"0":{"name":"FiltersLink","decl":{"start":{"line":7,"column":20},"end":{"line":42,"column":2}},"loc":{"start":{"line":7,"column":20},"end":{"line":42,"column":2}},"line":7},"1":{"name":"handleFilterClick","decl":{"start":{"line":10,"column":28},"end":{"line":12,"column":4}},"loc":{"start":{"line":10,"column":28},"end":{"line":12,"column":4}},"line":10},"2":{"name":"getButtonClasses","decl":{"start":{"line":17,"column":27},"end":{"line":23,"column":9}},"loc":{"start":{"line":17,"column":27},"end":{"line":23,"column":9}},"line":17},"3":{"name":"onClick","decl":{"start":{"line":28,"column":59},"end":{"line":28,"column":91}},"loc":{"start":{"line":28,"column":59},"end":{"line":28,"column":91}},"line":28},"4":{"name":"onClick","decl":{"start":{"line":31,"column":62},"end":{"line":31,"column":97}},"loc":{"start":{"line":31,"column":62},"end":{"line":31,"column":97}},"line":31},"5":{"name":"onClick","decl":{"start":{"line":36,"column":17},"end":{"line":36,"column":54}},"loc":{"start":{"line":36,"column":17},"end":{"line":36,"column":54}},"line":36}},"f":{"0":16,"1":0,"2":48,"3":0,"4":0,"5":0}}
,"/Users/alecremond/dev/FrontendMentor/todo-app/src/components/Header.tsx": {"path":"/Users/alecremond/dev/FrontendMentor/todo-app/src/components/Header.tsx","all":false,"statementMap":{"0":{"start":{"line":1,"column":0},"end":{"line":1,"column":35}},"2":{"start":{"line":3,"column":0},"end":{"line":3,"column":61}},"3":{"start":{"line":4,"column":0},"end":{"line":4,"column":46}},"5":{"start":{"line":6,"column":0},"end":{"line":6,"column":22}},"6":{"start":{"line":7,"column":0},"end":{"line":7,"column":50}},"7":{"start":{"line":8,"column":0},"end":{"line":8,"column":10}},"8":{"start":{"line":9,"column":0},"end":{"line":9,"column":11}},"9":{"start":{"line":10,"column":0},"end":{"line":10,"column":131}},"10":{"start":{"line":11,"column":0},"end":{"line":11,"column":18}},"11":{"start":{"line":12,"column":0},"end":{"line":12,"column":95}},"12":{"start":{"line":13,"column":0},"end":{"line":13,"column":97}},"13":{"start":{"line":14,"column":0},"end":{"line":14,"column":9}},"15":{"start":{"line":16,"column":0},"end":{"line":16,"column":114}},"16":{"start":{"line":17,"column":0},"end":{"line":17,"column":73}},"17":{"start":{"line":18,"column":0},"end":{"line":18,"column":26}},"21":{"start":{"line":22,"column":0},"end":{"line":22,"column":2}},"23":{"start":{"line":24,"column":0},"end":{"line":24,"column":22}}},"s":{"0":1,"2":1,"3":1,"5":1,"6":7,"7":7,"8":7,"9":7,"10":7,"11":0,"12":7,"13":7,"15":7,"16":7,"17":7,"21":7,"23":1},"branchMap":{"0":{"type":"branch","line":6,"loc":{"start":{"line":6,"column":15},"end":{"line":22,"column":2}},"locations":[{"start":{"line":6,"column":15},"end":{"line":22,"column":2}}]},"1":{"type":"branch","line":11,"loc":{"start":{"line":11,"column":8},"end":{"line":12,"column":95}},"locations":[{"start":{"line":11,"column":8},"end":{"line":12,"column":95}}]}},"b":{"0":[7],"1":[0]},"fnMap":{"0":{"name":"Header","decl":{"start":{"line":6,"column":15},"end":{"line":22,"column":2}},"loc":{"start":{"line":6,"column":15},"end":{"line":22,"column":2}},"line":6}},"f":{"0":7}}
,"/Users/alecremond/dev/FrontendMentor/todo-app/src/components/NewTodoForm.tsx": {"path":"/Users/alecremond/dev/FrontendMentor/todo-app/src/components/NewTodoForm.tsx","all":false,"statementMap":{"0":{"start":{"line":1,"column":0},"end":{"line":1,"column":53}},"4":{"start":{"line":5,"column":0},"end":{"line":5,"column":83}},"5":{"start":{"line":6,"column":0},"end":{"line":6,"column":24}},"6":{"start":{"line":7,"column":0},"end":{"line":7,"column":31}},"7":{"start":{"line":8,"column":0},"end":{"line":8,"column":28}},"8":{"start":{"line":9,"column":0},"end":{"line":9,"column":3}},"9":{"start":{"line":10,"column":0},"end":{"line":10,"column":2}},"10":{"start":{"line":11,"column":0},"end":{"line":11,"column":27}},"11":{"start":{"line":12,"column":0},"end":{"line":12,"column":52}},"12":{"start":{"line":13,"column":0},"end":{"line":13,"column":49}},"13":{"start":{"line":14,"column":0},"end":{"line":14,"column":49}},"15":{"start":{"line":16,"column":0},"end":{"line":16,"column":48}},"16":{"start":{"line":17,"column":0},"end":{"line":17,"column":23}},"17":{"start":{"line":18,"column":0},"end":{"line":18,"column":54}},"18":{"start":{"line":19,"column":0},"end":{"line":19,"column":23}},"19":{"start":{"line":20,"column":0},"end":{"line":20,"column":34}},"20":{"start":{"line":21,"column":0},"end":{"line":21,"column":13}},"21":{"start":{"line":22,"column":0},"end":{"line":22,"column":5}},"22":{"start":{"line":23,"column":0},"end":{"line":23,"column":39}},"24":{"start":{"line":25,"column":0},"end":{"line":25,"column":32}},"25":{"start":{"line":26,"column":0},"end":{"line":26,"column":24}},"26":{"start":{"line":27,"column":0},"end":{"line":27,"column":4}},"28":{"start":{"line":29,"column":0},"end":{"line":29,"column":38}},"29":{"start":{"line":30,"column":0},"end":{"line":30,"column":44}},"30":{"start":{"line":31,"column":0},"end":{"line":31,"column":4}},"32":{"start":{"line":33,"column":0},"end":{"line":33,"column":10}},"33":{"start":{"line":34,"column":0},"end":{"line":34,"column":93}},"34":{"start":{"line":35,"column":0},"end":{"line":35,"column":145}},"35":{"start":{"line":36,"column":0},"end":{"line":36,"column":14}},"36":{"start":{"line":37,"column":0},"end":{"line":37,"column":39}},"37":{"start":{"line":38,"column":0},"end":{"line":38,"column":25}},"38":{"start":{"line":39,"column":0},"end":{"line":39,"column":29}},"39":{"start":{"line":40,"column":0},"end":{"line":40,"column":41}},"40":{"start":{"line":41,"column":0},"end":{"line":41,"column":45}},"41":{"start":{"line":42,"column":0},"end":{"line":42,"column":361}},"43":{"start":{"line":44,"column":0},"end":{"line":44,"column":56}},"45":{"start":{"line":46,"column":0},"end":{"line":46,"column":21}},"47":{"start":{"line":48,"column":0},"end":{"line":48,"column":14}},"48":{"start":{"line":49,"column":0},"end":{"line":49,"column":21}},"49":{"start":{"line":50,"column":0},"end":{"line":50,"column":21}},"50":{"start":{"line":51,"column":0},"end":{"line":51,"column":25}},"51":{"start":{"line":52,"column":0},"end":{"line":52,"column":123}},"52":{"start":{"line":53,"column":0},"end":{"line":53,"column":44}},"53":{"start":{"line":54,"column":0},"end":{"line":54,"column":23}},"58":{"start":{"line":59,"column":0},"end":{"line":59,"column":2}},"60":{"start":{"line":61,"column":0},"end":{"line":61,"column":27}}},"s":{"0":1,"4":1,"5":0,"6":0,"7":0,"8":0,"9":0,"10":1,"11":9,"12":9,"13":9,"15":9,"16":0,"17":0,"18":0,"19":0,"20":0,"21":0,"22":0,"24":0,"25":0,"26":0,"28":9,"29":0,"30":0,"32":9,"33":9,"34":9,"35":9,"36":9,"37":9,"38":9,"39":9,"40":9,"41":9,"43":9,"45":9,"47":9,"48":9,"49":9,"50":9,"51":9,"52":9,"53":9,"58":9,"60":1},"branchMap":{"0":{"type":"branch","line":11,"loc":{"start":{"line":11,"column":20},"end":{"line":59,"column":2}},"locations":[{"start":{"line":11,"column":20},"end":{"line":59,"column":2}}]}},"b":{"0":[9]},"fnMap":{"0":{"name":"clearInputAndFocus","decl":{"start":{"line":5,"column":34},"end":{"line":10,"column":2}},"loc":{"start":{"line":5,"column":34},"end":{"line":10,"column":2}},"line":5},"1":{"name":"NewTodoForm","decl":{"start":{"line":11,"column":20},"end":{"line":59,"column":2}},"loc":{"start":{"line":11,"column":20},"end":{"line":59,"column":2}},"line":11},"2":{"name":"handleSubmit","decl":{"start":{"line":16,"column":23},"end":{"line":27,"column":4}},"loc":{"start":{"line":16,"column":23},"end":{"line":27,"column":4}},"line":16},"3":{"name":"handleCheckboxChange","decl":{"start":{"line":29,"column":31},"end":{"line":31,"column":4}},"loc":{"start":{"line":29,"column":31},"end":{"line":31,"column":4}},"line":29}},"f":{"0":0,"1":9,"2":0,"3":0}}
,"/Users/alecremond/dev/FrontendMentor/todo-app/src/components/TodoItem.tsx": {"path":"/Users/alecremond/dev/FrontendMentor/todo-app/src/components/TodoItem.tsx","all":false,"statementMap":{"0":{"start":{"line":1,"column":0},"end":{"line":1,"column":48}},"1":{"start":{"line":2,"column":0},"end":{"line":2,"column":41}},"2":{"start":{"line":3,"column":0},"end":{"line":3,"column":24}},"3":{"start":{"line":4,"column":0},"end":{"line":4,"column":45}},"5":{"start":{"line":6,"column":0},"end":{"line":6,"column":53}},"8":{"start":{"line":9,"column":0},"end":{"line":9,"column":25}},"9":{"start":{"line":10,"column":0},"end":{"line":10,"column":174}},"11":{"start":{"line":12,"column":0},"end":{"line":12,"column":53}},"12":{"start":{"line":13,"column":0},"end":{"line":13,"column":22}},"13":{"start":{"line":14,"column":0},"end":{"line":14,"column":91}},"14":{"start":{"line":15,"column":0},"end":{"line":15,"column":17}},"15":{"start":{"line":16,"column":0},"end":{"line":16,"column":15}},"16":{"start":{"line":17,"column":0},"end":{"line":17,"column":49}},"17":{"start":{"line":18,"column":0},"end":{"line":18,"column":4}},"19":{"start":{"line":20,"column":0},"end":{"line":20,"column":66}},"20":{"start":{"line":21,"column":0},"end":{"line":21,"column":61}},"22":{"start":{"line":23,"column":0},"end":{"line":23,"column":68}},"23":{"start":{"line":24,"column":0},"end":{"line":24,"column":23}},"24":{"start":{"line":25,"column":0},"end":{"line":25,"column":19}},"25":{"start":{"line":26,"column":0},"end":{"line":26,"column":4}},"27":{"start":{"line":28,"column":0},"end":{"line":28,"column":10}},"28":{"start":{"line":29,"column":0},"end":{"line":29,"column":9}},"29":{"start":{"line":30,"column":0},"end":{"line":30,"column":149}},"30":{"start":{"line":31,"column":0},"end":{"line":31,"column":52}},"31":{"start":{"line":32,"column":0},"end":{"line":32,"column":53}},"32":{"start":{"line":33,"column":0},"end":{"line":33,"column":22}},"33":{"start":{"line":34,"column":0},"end":{"line":34,"column":19}},"35":{"start":{"line":36,"column":0},"end":{"line":36,"column":12}},"36":{"start":{"line":37,"column":0},"end":{"line":37,"column":23}},"37":{"start":{"line":38,"column":0},"end":{"line":38,"column":24}},"38":{"start":{"line":39,"column":0},"end":{"line":39,"column":147}},"39":{"start":{"line":40,"column":0},"end":{"line":40,"column":45}},"41":{"start":{"line":42,"column":0},"end":{"line":42,"column":58}},"42":{"start":{"line":43,"column":0},"end":{"line":43,"column":27}},"43":{"start":{"line":44,"column":0},"end":{"line":44,"column":33}},"44":{"start":{"line":45,"column":0},"end":{"line":45,"column":55}},"46":{"start":{"line":47,"column":0},"end":{"line":47,"column":56}},"48":{"start":{"line":49,"column":0},"end":{"line":49,"column":19}},"49":{"start":{"line":50,"column":0},"end":{"line":50,"column":12}},"50":{"start":{"line":51,"column":0},"end":{"line":51,"column":19}},"51":{"start":{"line":52,"column":0},"end":{"line":52,"column":25}},"52":{"start":{"line":53,"column":0},"end":{"line":53,"column":19}},"53":{"start":{"line":54,"column":0},"end":{"line":54,"column":24}},"54":{"start":{"line":55,"column":0},"end":{"line":55,"column":116}},"55":{"start":{"line":56,"column":0},"end":{"line":56,"column":11}},"56":{"start":{"line":57,"column":0},"end":{"line":57,"column":52}},"57":{"start":{"line":58,"column":0},"end":{"line":58,"column":42}},"58":{"start":{"line":59,"column":0},"end":{"line":59,"column":12}},"60":{"start":{"line":61,"column":0},"end":{"line":61,"column":20}},"61":{"start":{"line":62,"column":0},"end":{"line":62,"column":16}},"62":{"start":{"line":63,"column":0},"end":{"line":63,"column":23}},"63":{"start":{"line":64,"column":0},"end":{"line":64,"column":22}},"65":{"start":{"line":66,"column":0},"end":{"line":66,"column":13}},"66":{"start":{"line":67,"column":0},"end":{"line":67,"column":30}},"67":{"start":{"line":68,"column":0},"end":{"line":68,"column":33}},"68":{"start":{"line":69,"column":0},"end":{"line":69,"column":71}},"69":{"start":{"line":70,"column":0},"end":{"line":70,"column":44}},"71":{"start":{"line":72,"column":0},"end":{"line":72,"column":79}},"75":{"start":{"line":76,"column":0},"end":{"line":76,"column":2}},"77":{"start":{"line":78,"column":0},"end":{"line":78,"column":24}}},"s":{"0":1,"1":1,"2":1,"3":1,"5":1,"8":1,"9":1,"11":1,"12":40,"13":40,"14":40,"15":40,"16":40,"17":40,"19":40,"20":40,"22":40,"23":1,"24":1,"25":1,"27":40,"28":40,"29":40,"30":40,"31":40,"32":40,"33":40,"35":40,"36":40,"37":40,"38":40,"39":40,"41":40,"42":40,"43":40,"44":40,"46":40,"48":40,"49":40,"50":40,"51":40,"52":40,"53":40,"54":40,"55":40,"56":40,"57":40,"58":40,"60":40,"61":40,"62":40,"63":40,"65":40,"66":40,"67":40,"68":40,"69":40,"71":40,"75":40,"77":1},"branchMap":{"0":{"type":"branch","line":12,"loc":{"start":{"line":12,"column":17},"end":{"line":76,"column":2}},"locations":[{"start":{"line":12,"column":17},"end":{"line":76,"column":2}}]},"1":{"type":"branch","line":69,"loc":{"start":{"line":69,"column":22},"end":{"line":69,"column":57}},"locations":[{"start":{"line":69,"column":22},"end":{"line":69,"column":57}}]},"2":{"type":"branch","line":69,"loc":{"start":{"line":69,"column":41},"end":{"line":69,"column":70}},"locations":[{"start":{"line":69,"column":41},"end":{"line":69,"column":70}}]},"3":{"type":"branch","line":23,"loc":{"start":{"line":23,"column":23},"end":{"line":26,"column":4}},"locations":[{"start":{"line":23,"column":23},"end":{"line":26,"column":4}}]},"4":{"type":"branch","line":31,"loc":{"start":{"line":31,"column":20},"end":{"line":31,"column":52}},"locations":[{"start":{"line":31,"column":20},"end":{"line":31,"column":52}}]},"5":{"type":"branch","line":42,"loc":{"start":{"line":42,"column":18},"end":{"line":42,"column":58}},"locations":[{"start":{"line":42,"column":18},"end":{"line":42,"column":58}}]}},"b":{"0":[40],"1":[3],"2":[37],"3":[1],"4":[2],"5":[1]},"fnMap":{"0":{"name":"TodoItem","decl":{"start":{"line":12,"column":17},"end":{"line":76,"column":2}},"loc":{"start":{"line":12,"column":17},"end":{"line":76,"column":2}},"line":12},"1":{"name":"handleDelete","decl":{"start":{"line":23,"column":23},"end":{"line":26,"column":4}},"loc":{"start":{"line":23,"column":23},"end":{"line":26,"column":4}},"line":23},"2":{"name":"onMouseEnter","decl":{"start":{"line":31,"column":20},"end":{"line":31,"column":52}},"loc":{"start":{"line":31,"column":20},"end":{"line":31,"column":52}},"line":31},"3":{"name":"onMouseLeave","decl":{"start":{"line":32,"column":20},"end":{"line":32,"column":53}},"loc":{"start":{"line":32,"column":20},"end":{"line":32,"column":53}},"line":32},"4":{"name":"onChange","decl":{"start":{"line":42,"column":18},"end":{"line":42,"column":58}},"loc":{"start":{"line":42,"column":18},"end":{"line":42,"column":58}},"line":42}},"f":{"0":40,"1":1,"2":2,"3":0,"4":1}}
,"/Users/alecremond/dev/FrontendMentor/todo-app/src/components/TodoList.tsx": {"path":"/Users/alecremond/dev/FrontendMentor/todo-app/src/components/TodoList.tsx","all":false,"statementMap":{"0":{"start":{"line":1,"column":0},"end":{"line":1,"column":8}},"9":{"start":{"line":10,"column":0},"end":{"line":10,"column":23}},"15":{"start":{"line":16,"column":0},"end":{"line":16,"column":27}},"16":{"start":{"line":17,"column":0},"end":{"line":17,"column":42}},"18":{"start":{"line":19,"column":0},"end":{"line":19,"column":53}},"19":{"start":{"line":20,"column":0},"end":{"line":20,"column":53}},"20":{"start":{"line":21,"column":0},"end":{"line":21,"column":32}},"21":{"start":{"line":22,"column":0},"end":{"line":22,"column":34}},"23":{"start":{"line":24,"column":0},"end":{"line":24,"column":34}},"24":{"start":{"line":25,"column":0},"end":{"line":25,"column":54}},"25":{"start":{"line":26,"column":0},"end":{"line":26,"column":56}},"26":{"start":{"line":27,"column":0},"end":{"line":27,"column":46}},"28":{"start":{"line":29,"column":0},"end":{"line":29,"column":92}},"30":{"start":{"line":31,"column":0},"end":{"line":31,"column":50}},"31":{"start":{"line":32,"column":0},"end":{"line":32,"column":35}},"33":{"start":{"line":34,"column":0},"end":{"line":34,"column":47}},"35":{"start":{"line":36,"column":0},"end":{"line":36,"column":57}},"36":{"start":{"line":37,"column":0},"end":{"line":37,"column":50}},"38":{"start":{"line":39,"column":0},"end":{"line":39,"column":29}},"39":{"start":{"line":40,"column":0},"end":{"line":40,"column":81}},"40":{"start":{"line":41,"column":0},"end":{"line":41,"column":27}},"41":{"start":{"line":42,"column":0},"end":{"line":42,"column":4}},"43":{"start":{"line":44,"column":0},"end":{"line":44,"column":29}},"44":{"start":{"line":45,"column":0},"end":{"line":45,"column":29}},"45":{"start":{"line":46,"column":0},"end":{"line":46,"column":27}},"46":{"start":{"line":47,"column":0},"end":{"line":47,"column":81}},"49":{"start":{"line":50,"column":0},"end":{"line":50,"column":10}},"50":{"start":{"line":51,"column":0},"end":{"line":51,"column":96}},"51":{"start":{"line":52,"column":0},"end":{"line":52,"column":129}},"52":{"start":{"line":53,"column":0},"end":{"line":53,"column":86}},"53":{"start":{"line":54,"column":0},"end":{"line":54,"column":22}},"54":{"start":{"line":55,"column":0},"end":{"line":55,"column":87}},"55":{"start":{"line":56,"column":0},"end":{"line":56,"column":75}},"58":{"start":{"line":59,"column":0},"end":{"line":59,"column":41}},"59":{"start":{"line":60,"column":0},"end":{"line":60,"column":97}},"63":{"start":{"line":64,"column":0},"end":{"line":64,"column":19}},"67":{"start":{"line":68,"column":0},"end":{"line":68,"column":2}},"69":{"start":{"line":70,"column":0},"end":{"line":70,"column":36}}},"s":{"0":1,"9":1,"15":1,"16":1,"18":1,"19":1,"20":1,"21":1,"23":1,"24":9,"25":9,"26":9,"28":9,"30":9,"31":0,"33":0,"35":0,"36":0,"38":0,"39":0,"40":0,"41":0,"43":9,"44":9,"45":9,"46":9,"49":9,"50":9,"51":9,"52":9,"53":9,"54":0,"55":0,"58":9,"59":9,"63":9,"67":9,"69":1},"branchMap":{"0":{"type":"branch","line":24,"loc":{"start":{"line":24,"column":27},"end":{"line":68,"column":2}},"locations":[{"start":{"line":24,"column":27},"end":{"line":68,"column":2}}]},"1":{"type":"branch","line":26,"loc":{"start":{"line":26,"column":47},"end":{"line":26,"column":55}},"locations":[{"start":{"line":26,"column":47},"end":{"line":26,"column":55}}]},"2":{"type":"branch","line":54,"loc":{"start":{"line":54,"column":11},"end":{"line":59,"column":26}},"locations":[{"start":{"line":54,"column":11},"end":{"line":59,"column":26}}]}},"b":{"0":[9],"1":[0],"2":[0]},"fnMap":{"0":{"name":"TodoList","decl":{"start":{"line":24,"column":27},"end":{"line":68,"column":2}},"loc":{"start":{"line":24,"column":27},"end":{"line":68,"column":2}},"line":24},"1":{"name":"getTodoPosition","decl":{"start":{"line":29,"column":26},"end":{"line":29,"column":92}},"loc":{"start":{"line":29,"column":26},"end":{"line":29,"column":92}},"line":29},"2":{"name":"handleDragEnd","decl":{"start":{"line":31,"column":24},"end":{"line":42,"column":4}},"loc":{"start":{"line":31,"column":24},"end":{"line":42,"column":4}},"line":31}},"f":{"0":9,"1":0,"2":0}}
,"/Users/alecremond/dev/FrontendMentor/todo-app/src/components/ToggleThemeBtn.tsx": {"path":"/Users/alecremond/dev/FrontendMentor/todo-app/src/components/ToggleThemeBtn.tsx","all":false,"statementMap":{"0":{"start":{"line":1,"column":0},"end":{"line":1,"column":35}},"2":{"start":{"line":3,"column":0},"end":{"line":3,"column":61}},"4":{"start":{"line":5,"column":0},"end":{"line":5,"column":30}},"5":{"start":{"line":6,"column":0},"end":{"line":6,"column":63}},"7":{"start":{"line":8,"column":0},"end":{"line":8,"column":22}},"8":{"start":{"line":9,"column":0},"end":{"line":9,"column":72}},"9":{"start":{"line":10,"column":0},"end":{"line":10,"column":3}},"11":{"start":{"line":12,"column":0},"end":{"line":12,"column":10}},"12":{"start":{"line":13,"column":0},"end":{"line":13,"column":85}},"13":{"start":{"line":14,"column":0},"end":{"line":14,"column":21}},"14":{"start":{"line":15,"column":0},"end":{"line":15,"column":12}},"15":{"start":{"line":16,"column":0},"end":{"line":16,"column":36}},"16":{"start":{"line":17,"column":0},"end":{"line":17,"column":38}},"17":{"start":{"line":18,"column":0},"end":{"line":18,"column":42}},"20":{"start":{"line":21,"column":0},"end":{"line":21,"column":12}},"21":{"start":{"line":22,"column":0},"end":{"line":22,"column":37}},"22":{"start":{"line":23,"column":0},"end":{"line":23,"column":40}},"23":{"start":{"line":24,"column":0},"end":{"line":24,"column":42}},"28":{"start":{"line":29,"column":0},"end":{"line":29,"column":2}},"30":{"start":{"line":31,"column":0},"end":{"line":31,"column":30}}},"s":{"0":1,"2":1,"4":1,"5":7,"7":7,"8":0,"9":0,"11":7,"12":7,"13":7,"14":0,"15":0,"16":0,"17":0,"20":7,"21":7,"22":7,"23":7,"28":7,"30":1},"branchMap":{"0":{"type":"branch","line":5,"loc":{"start":{"line":5,"column":23},"end":{"line":29,"column":2}},"locations":[{"start":{"line":5,"column":23},"end":{"line":29,"column":2}}]},"1":{"type":"branch","line":8,"loc":{"start":{"line":8,"column":21},"end":{"line":10,"column":3}},"locations":[{"start":{"line":8,"column":21},"end":{"line":10,"column":3}}]},"2":{"type":"branch","line":14,"loc":{"start":{"line":14,"column":7},"end":{"line":21,"column":9}},"locations":[{"start":{"line":14,"column":7},"end":{"line":21,"column":9}}]}},"b":{"0":[7],"1":[0],"2":[0]},"fnMap":{"0":{"name":"ToggleThemeBtn","decl":{"start":{"line":5,"column":23},"end":{"line":29,"column":2}},"loc":{"start":{"line":5,"column":23},"end":{"line":29,"column":2}},"line":5}},"f":{"0":7}}
,"/Users/alecremond/dev/FrontendMentor/todo-app/src/context/FiltersContext.tsx": {"path":"/Users/alecremond/dev/FrontendMentor/todo-app/src/context/FiltersContext.tsx","all":false,"statementMap":{"0":{"start":{"line":1,"column":0},"end":{"line":1,"column":70}},"11":{"start":{"line":12,"column":0},"end":{"line":12,"column":65}},"12":{"start":{"line":13,"column":0},"end":{"line":13,"column":31}},"13":{"start":{"line":14,"column":0},"end":{"line":14,"column":22}},"14":{"start":{"line":15,"column":0},"end":{"line":15,"column":3}},"16":{"start":{"line":17,"column":0},"end":{"line":17,"column":72}},"17":{"start":{"line":18,"column":0},"end":{"line":18,"column":58}},"19":{"start":{"line":20,"column":0},"end":{"line":20,"column":62}},"20":{"start":{"line":21,"column":0},"end":{"line":21,"column":28}},"21":{"start":{"line":22,"column":0},"end":{"line":22,"column":9}},"23":{"start":{"line":24,"column":0},"end":{"line":24,"column":30}},"24":{"start":{"line":25,"column":0},"end":{"line":25,"column":12}},"25":{"start":{"line":26,"column":0},"end":{"line":26,"column":25}},"26":{"start":{"line":27,"column":0},"end":{"line":27,"column":19}},"27":{"start":{"line":28,"column":0},"end":{"line":28,"column":7}},"28":{"start":{"line":29,"column":0},"end":{"line":29,"column":39}},"31":{"start":{"line":32,"column":0},"end":{"line":32,"column":91}},"32":{"start":{"line":33,"column":0},"end":{"line":33,"column":2}}},"s":{"0":1,"11":1,"12":1,"13":1,"14":1,"16":1,"17":7,"19":7,"20":0,"21":7,"23":7,"24":7,"25":7,"26":7,"27":7,"28":7,"31":7,"32":7},"branchMap":{"0":{"type":"branch","line":17,"loc":{"start":{"line":17,"column":31},"end":{"line":33,"column":2}},"locations":[{"start":{"line":17,"column":31},"end":{"line":33,"column":2}}]},"1":{"type":"branch","line":25,"loc":{"start":{"line":25,"column":4},"end":{"line":28,"column":7}},"locations":[{"start":{"line":25,"column":4},"end":{"line":28,"column":7}}]}},"b":{"0":[7],"1":[7]},"fnMap":{"0":{"name":"handleActiveFilter","decl":{"start":{"line":13,"column":22},"end":{"line":13,"column":31}},"loc":{"start":{"line":13,"column":22},"end":{"line":13,"column":31}},"line":13},"1":{"name":"FiltersProvider","decl":{"start":{"line":17,"column":31},"end":{"line":33,"column":2}},"loc":{"start":{"line":17,"column":31},"end":{"line":33,"column":2}},"line":17}},"f":{"0":0,"1":7}}
,"/Users/alecremond/dev/FrontendMentor/todo-app/src/context/TodoContext.tsx": {"path":"/Users/alecremond/dev/FrontendMentor/todo-app/src/context/TodoContext.tsx","all":false,"statementMap":{"0":{"start":{"line":1,"column":0},"end":{"line":1,"column":47}},"13":{"start":{"line":14,"column":0},"end":{"line":14,"column":81}},"15":{"start":{"line":16,"column":0},"end":{"line":16,"column":78}},"16":{"start":{"line":17,"column":0},"end":{"line":17,"column":77}},"18":{"start":{"line":19,"column":0},"end":{"line":19,"column":31}},"19":{"start":{"line":20,"column":0},"end":{"line":20,"column":68}},"20":{"start":{"line":21,"column":0},"end":{"line":21,"column":58}},"23":{"start":{"line":24,"column":0},"end":{"line":24,"column":86}},"24":{"start":{"line":25,"column":0},"end":{"line":25,"column":2}}},"s":{"0":1,"13":1,"15":1,"16":16,"18":16,"19":16,"20":16,"23":16,"24":16},"branchMap":{"0":{"type":"branch","line":16,"loc":{"start":{"line":16,"column":28},"end":{"line":25,"column":2}},"locations":[{"start":{"line":16,"column":28},"end":{"line":25,"column":2}}]},"1":{"type":"branch","line":20,"loc":{"start":{"line":20,"column":4},"end":{"line":20,"column":68}},"locations":[{"start":{"line":20,"column":4},"end":{"line":20,"column":68}}]}},"b":{"0":[16],"1":[16]},"fnMap":{"0":{"name":"TodoProvider","decl":{"start":{"line":16,"column":28},"end":{"line":25,"column":2}},"loc":{"start":{"line":16,"column":28},"end":{"line":25,"column":2}},"line":16}},"f":{"0":16}}
,"/Users/alecremond/dev/FrontendMentor/todo-app/src/context/ToggleThemeContext.tsx": {"path":"/Users/alecremond/dev/FrontendMentor/todo-app/src/context/ToggleThemeContext.tsx","all":false,"statementMap":{"0":{"start":{"line":1,"column":0},"end":{"line":1,"column":79}},"11":{"start":{"line":12,"column":0},"end":{"line":12,"column":62}},"12":{"start":{"line":13,"column":0},"end":{"line":13,"column":24}},"13":{"start":{"line":14,"column":0},"end":{"line":14,"column":20}},"14":{"start":{"line":15,"column":0},"end":{"line":15,"column":3}},"16":{"start":{"line":17,"column":0},"end":{"line":17,"column":83}},"17":{"start":{"line":18,"column":0},"end":{"line":18,"column":69}},"18":{"start":{"line":19,"column":0},"end":{"line":19,"column":33}},"19":{"start":{"line":20,"column":0},"end":{"line":20,"column":68}},"21":{"start":{"line":22,"column":0},"end":{"line":22,"column":59}},"22":{"start":{"line":23,"column":0},"end":{"line":23,"column":27}},"23":{"start":{"line":24,"column":0},"end":{"line":24,"column":20}},"24":{"start":{"line":25,"column":0},"end":{"line":25,"column":5}},"26":{"start":{"line":27,"column":0},"end":{"line":27,"column":56}},"27":{"start":{"line":28,"column":0},"end":{"line":28,"column":30}},"28":{"start":{"line":29,"column":0},"end":{"line":29,"column":36}},"29":{"start":{"line":30,"column":0},"end":{"line":30,"column":5}},"30":{"start":{"line":31,"column":0},"end":{"line":31,"column":82}},"31":{"start":{"line":32,"column":0},"end":{"line":32,"column":23}},"32":{"start":{"line":33,"column":0},"end":{"line":33,"column":4}},"34":{"start":{"line":35,"column":0},"end":{"line":35,"column":73}},"36":{"start":{"line":37,"column":0},"end":{"line":37,"column":61}},"37":{"start":{"line":38,"column":0},"end":{"line":38,"column":37}},"38":{"start":{"line":39,"column":0},"end":{"line":39,"column":18}},"39":{"start":{"line":40,"column":0},"end":{"line":40,"column":35}},"40":{"start":{"line":41,"column":0},"end":{"line":41,"column":34}},"41":{"start":{"line":42,"column":0},"end":{"line":42,"column":68}},"42":{"start":{"line":43,"column":0},"end":{"line":43,"column":23}},"43":{"start":{"line":44,"column":0},"end":{"line":44,"column":9}},"44":{"start":{"line":45,"column":0},"end":{"line":45,"column":6}},"45":{"start":{"line":46,"column":0},"end":{"line":46,"column":9}},"47":{"start":{"line":48,"column":0},"end":{"line":48,"column":79}},"48":{"start":{"line":49,"column":0},"end":{"line":49,"column":19}},"49":{"start":{"line":50,"column":0},"end":{"line":50,"column":29}},"50":{"start":{"line":51,"column":0},"end":{"line":51,"column":46}},"52":{"start":{"line":53,"column":0},"end":{"line":53,"column":21}},"53":{"start":{"line":54,"column":0},"end":{"line":54,"column":31}},"54":{"start":{"line":55,"column":0},"end":{"line":55,"column":12}},"55":{"start":{"line":56,"column":0},"end":{"line":56,"column":34}},"56":{"start":{"line":57,"column":0},"end":{"line":57,"column":5}},"57":{"start":{"line":58,"column":0},"end":{"line":58,"column":19}},"59":{"start":{"line":60,"column":0},"end":{"line":60,"column":62}},"60":{"start":{"line":61,"column":0},"end":{"line":61,"column":95}},"62":{"start":{"line":63,"column":0},"end":{"line":63,"column":88}},"63":{"start":{"line":64,"column":0},"end":{"line":64,"column":1}}},"s":{"0":1,"11":1,"12":1,"13":1,"14":1,"16":1,"17":0,"18":0,"19":0,"21":0,"22":0,"23":0,"24":0,"26":0,"27":0,"28":0,"29":0,"30":0,"31":0,"32":0,"34":0,"36":0,"37":0,"38":0,"39":0,"40":0,"41":0,"42":0,"43":0,"44":0,"45":0,"47":0,"48":0,"49":0,"50":0,"52":0,"53":0,"54":0,"55":0,"56":0,"57":0,"59":0,"60":0,"62":0,"63":0},"branchMap":{},"b":{},"fnMap":{"0":{"name":"toggleTheme","decl":{"start":{"line":13,"column":15},"end":{"line":13,"column":24}},"loc":{"start":{"line":13,"column":15},"end":{"line":13,"column":24}},"line":13},"1":{"name":"ThemeProvider","decl":{"start":{"line":17,"column":15},"end":{"line":64,"column":1}},"loc":{"start":{"line":17,"column":15},"end":{"line":64,"column":1}},"line":17}},"f":{"0":0,"1":0}}
,"/Users/alecremond/dev/FrontendMentor/todo-app/src/utils/reducer.ts": {"path":"/Users/alecremond/dev/FrontendMentor/todo-app/src/utils/reducer.ts","all":false,"statementMap":{"12":{"start":{"line":13,"column":0},"end":{"line":13,"column":67}},"13":{"start":{"line":14,"column":0},"end":{"line":14,"column":24}},"14":{"start":{"line":15,"column":0},"end":{"line":15,"column":15}},"15":{"start":{"line":16,"column":0},"end":{"line":16,"column":114}},"17":{"start":{"line":18,"column":0},"end":{"line":18,"column":18}},"18":{"start":{"line":19,"column":0},"end":{"line":19,"column":67}},"20":{"start":{"line":21,"column":0},"end":{"line":21,"column":18}},"21":{"start":{"line":22,"column":0},"end":{"line":22,"column":32}},"22":{"start":{"line":23,"column":0},"end":{"line":23,"column":96}},"25":{"start":{"line":26,"column":0},"end":{"line":26,"column":15}},"26":{"start":{"line":27,"column":0},"end":{"line":27,"column":34}},"28":{"start":{"line":29,"column":0},"end":{"line":29,"column":12}},"29":{"start":{"line":30,"column":0},"end":{"line":30,"column":56}},"30":{"start":{"line":31,"column":0},"end":{"line":31,"column":3}},"31":{"start":{"line":32,"column":0},"end":{"line":32,"column":2}}},"s":{"12":1,"13":2,"14":2,"15":0,"17":2,"18":1,"20":2,"21":1,"22":4,"25":2,"26":0,"28":2,"29":0,"30":2,"31":2},"branchMap":{"0":{"type":"branch","line":13,"loc":{"start":{"line":13,"column":23},"end":{"line":32,"column":2}},"locations":[{"start":{"line":13,"column":23},"end":{"line":32,"column":2}}]},"1":{"type":"branch","line":15,"loc":{"start":{"line":15,"column":4},"end":{"line":16,"column":114}},"locations":[{"start":{"line":15,"column":4},"end":{"line":16,"column":114}}]},"2":{"type":"branch","line":18,"loc":{"start":{"line":18,"column":4},"end":{"line":19,"column":67}},"locations":[{"start":{"line":18,"column":4},"end":{"line":19,"column":67}}]},"3":{"type":"branch","line":21,"loc":{"start":{"line":21,"column":4},"end":{"line":23,"column":96}},"locations":[{"start":{"line":21,"column":4},"end":{"line":23,"column":96}}]},"4":{"type":"branch","line":26,"loc":{"start":{"line":26,"column":4},"end":{"line":27,"column":34}},"locations":[{"start":{"line":26,"column":4},"end":{"line":27,"column":34}}]},"5":{"type":"branch","line":29,"loc":{"start":{"line":29,"column":4},"end":{"line":30,"column":56}},"locations":[{"start":{"line":29,"column":4},"end":{"line":30,"column":56}}]},"6":{"type":"branch","line":19,"loc":{"start":{"line":19,"column":26},"end":{"line":19,"column":65}},"locations":[{"start":{"line":19,"column":26},"end":{"line":19,"column":65}}]},"7":{"type":"branch","line":22,"loc":{"start":{"line":22,"column":23},"end":{"line":23,"column":96}},"locations":[{"start":{"line":22,"column":23},"end":{"line":23,"column":96}}]},"8":{"type":"branch","line":23,"loc":{"start":{"line":23,"column":37},"end":{"line":23,"column":91}},"locations":[{"start":{"line":23,"column":37},"end":{"line":23,"column":91}}]},"9":{"type":"branch","line":23,"loc":{"start":{"line":23,"column":87},"end":{"line":23,"column":96}},"locations":[{"start":{"line":23,"column":87},"end":{"line":23,"column":96}}]}},"b":{"0":[2],"1":[0],"2":[1],"3":[1],"4":[0],"5":[0],"6":[4],"7":[4],"8":[1],"9":[3]},"fnMap":{"0":{"name":"reducer","decl":{"start":{"line":13,"column":23},"end":{"line":32,"column":2}},"loc":{"start":{"line":13,"column":23},"end":{"line":32,"column":2}},"line":13}},"f":{"0":2}}
,"/Users/alecremond/dev/FrontendMentor/todo-app/src/utils/type.ts": {"path":"/Users/alecremond/dev/FrontendMentor/todo-app/src/utils/type.ts","all":true,"statementMap":{"8":{"start":{"line":9,"column":0},"end":{"line":9,"column":2}}},"s":{"8":0},"branchMap":{"0":{"type":"branch","line":1,"loc":{"start":{"line":1,"column":118},"end":{"line":9,"column":2}},"locations":[{"start":{"line":1,"column":118},"end":{"line":9,"column":2}}]}},"b":{"0":[1]},"fnMap":{"0":{"name":"(empty-report)","decl":{"start":{"line":1,"column":118},"end":{"line":9,"column":2}},"loc":{"start":{"line":1,"column":118},"end":{"line":9,"column":2}},"line":1}},"f":{"0":1}}
,"/Users/alecremond/dev/FrontendMentor/todo-app/src/utils/useFiltersTodo.tsx": {"path":"/Users/alecremond/dev/FrontendMentor/todo-app/src/utils/useFiltersTodo.tsx","all":false,"statementMap":{"0":{"start":{"line":1,"column":0},"end":{"line":1,"column":35}},"2":{"start":{"line":3,"column":0},"end":{"line":3,"column":59}},"5":{"start":{"line":6,"column":0},"end":{"line":6,"column":46}},"6":{"start":{"line":7,"column":0},"end":{"line":7,"column":54}},"8":{"start":{"line":9,"column":0},"end":{"line":9,"column":25}},"9":{"start":{"line":10,"column":0},"end":{"line":10,"column":15}},"10":{"start":{"line":11,"column":0},"end":{"line":11,"column":19}},"11":{"start":{"line":12,"column":0},"end":{"line":12,"column":18}},"12":{"start":{"line":13,"column":0},"end":{"line":13,"column":53}},"13":{"start":{"line":14,"column":0},"end":{"line":14,"column":21}},"14":{"start":{"line":15,"column":0},"end":{"line":15,"column":52}},"15":{"start":{"line":16,"column":0},"end":{"line":16,"column":3}},"16":{"start":{"line":17,"column":0},"end":{"line":17,"column":2}},"18":{"start":{"line":19,"column":0},"end":{"line":19,"column":30}}},"s":{"0":1,"2":1,"5":1,"6":9,"8":9,"9":9,"10":9,"11":9,"12":0,"13":9,"14":0,"15":9,"16":9,"18":1},"branchMap":{"0":{"type":"branch","line":6,"loc":{"start":{"line":6,"column":23},"end":{"line":17,"column":2}},"locations":[{"start":{"line":6,"column":23},"end":{"line":17,"column":2}}]},"1":{"type":"branch","line":12,"loc":{"start":{"line":12,"column":4},"end":{"line":13,"column":53}},"locations":[{"start":{"line":12,"column":4},"end":{"line":13,"column":53}}]},"2":{"type":"branch","line":14,"loc":{"start":{"line":14,"column":4},"end":{"line":15,"column":52}},"locations":[{"start":{"line":14,"column":4},"end":{"line":15,"column":52}}]}},"b":{"0":[9],"1":[0],"2":[0]},"fnMap":{"0":{"name":"useFiltersTodo","decl":{"start":{"line":6,"column":23},"end":{"line":17,"column":2}},"loc":{"start":{"line":6,"column":23},"end":{"line":17,"column":2}},"line":6}},"f":{"0":9}}
,"/Users/alecremond/dev/FrontendMentor/todo-app/src/utils/useTodos.ts": {"path":"/Users/alecremond/dev/FrontendMentor/todo-app/src/utils/useTodos.ts","all":false,"statementMap":{"0":{"start":{"line":1,"column":0},"end":{"line":1,"column":46}},"5":{"start":{"line":6,"column":0},"end":{"line":6,"column":34}},"7":{"start":{"line":8,"column":0},"end":{"line":8,"column":19}},"8":{"start":{"line":9,"column":0},"end":{"line":9,"column":62}},"9":{"start":{"line":10,"column":0},"end":{"line":10,"column":72}},"10":{"start":{"line":11,"column":0},"end":{"line":11,"column":62}},"11":{"start":{"line":12,"column":0},"end":{"line":12,"column":61}},"12":{"start":{"line":13,"column":0},"end":{"line":13,"column":2}},"14":{"start":{"line":15,"column":0},"end":{"line":15,"column":31}},"15":{"start":{"line":16,"column":0},"end":{"line":16,"column":78}},"16":{"start":{"line":17,"column":0},"end":{"line":17,"column":64}},"17":{"start":{"line":18,"column":0},"end":{"line":18,"column":42}},"19":{"start":{"line":20,"column":0},"end":{"line":20,"column":48}},"21":{"start":{"line":22,"column":0},"end":{"line":22,"column":41}},"22":{"start":{"line":23,"column":0},"end":{"line":23,"column":37}},"23":{"start":{"line":24,"column":0},"end":{"line":24,"column":71}},"24":{"start":{"line":25,"column":0},"end":{"line":25,"column":35}},"25":{"start":{"line":26,"column":0},"end":{"line":26,"column":7}},"26":{"start":{"line":27,"column":0},"end":{"line":27,"column":7}},"28":{"start":{"line":29,"column":0},"end":{"line":29,"column":23}},"29":{"start":{"line":30,"column":0},"end":{"line":30,"column":5}},"31":{"start":{"line":32,"column":0},"end":{"line":32,"column":19}},"32":{"start":{"line":33,"column":0},"end":{"line":33,"column":67}},"33":{"start":{"line":34,"column":0},"end":{"line":34,"column":14}},"35":{"start":{"line":36,"column":0},"end":{"line":36,"column":60}},"36":{"start":{"line":37,"column":0},"end":{"line":37,"column":60}},"37":{"start":{"line":38,"column":0},"end":{"line":38,"column":4}},"39":{"start":{"line":40,"column":0},"end":{"line":40,"column":38}},"40":{"start":{"line":41,"column":0},"end":{"line":41,"column":50}},"41":{"start":{"line":42,"column":0},"end":{"line":42,"column":4}},"43":{"start":{"line":44,"column":0},"end":{"line":44,"column":58}},"44":{"start":{"line":45,"column":0},"end":{"line":45,"column":61}},"45":{"start":{"line":46,"column":0},"end":{"line":46,"column":4}},"47":{"start":{"line":48,"column":0},"end":{"line":48,"column":42}},"48":{"start":{"line":49,"column":0},"end":{"line":49,"column":60}},"49":{"start":{"line":50,"column":0},"end":{"line":50,"column":4}},"51":{"start":{"line":52,"column":0},"end":{"line":52,"column":65}},"52":{"start":{"line":53,"column":0},"end":{"line":53,"column":2}}},"s":{"0":1,"5":1,"7":1,"8":1,"9":1,"10":1,"11":1,"12":1,"14":1,"15":16,"16":14,"17":14,"19":0,"21":0,"22":0,"23":0,"24":0,"25":0,"26":0,"28":0,"29":0,"31":16,"32":16,"33":16,"35":16,"36":0,"37":0,"39":16,"40":1,"41":1,"43":16,"44":1,"45":1,"47":16,"48":0,"49":0,"51":16,"52":16},"branchMap":{"0":{"type":"branch","line":15,"loc":{"start":{"line":15,"column":24},"end":{"line":53,"column":2}},"locations":[{"start":{"line":15,"column":24},"end":{"line":53,"column":2}}]},"1":{"type":"branch","line":16,"loc":{"start":{"line":16,"column":59},"end":{"line":30,"column":5}},"locations":[{"start":{"line":16,"column":59},"end":{"line":30,"column":5}}]},"2":{"type":"branch","line":18,"loc":{"start":{"line":18,"column":29},"end":{"line":30,"column":5}},"locations":[{"start":{"line":18,"column":29},"end":{"line":30,"column":5}}]},"3":{"type":"branch","line":32,"loc":{"start":{"line":32,"column":12},"end":{"line":34,"column":5}},"locations":[{"start":{"line":32,"column":12},"end":{"line":34,"column":5}}]},"4":{"type":"branch","line":40,"loc":{"start":{"line":40,"column":21},"end":{"line":42,"column":4}},"locations":[{"start":{"line":40,"column":21},"end":{"line":42,"column":4}}]},"5":{"type":"branch","line":44,"loc":{"start":{"line":44,"column":21},"end":{"line":46,"column":4}},"locations":[{"start":{"line":44,"column":21},"end":{"line":46,"column":4}}]}},"b":{"0":[16],"1":[14],"2":[0],"3":[16],"4":[1],"5":[1]},"fnMap":{"0":{"name":"useTodos","decl":{"start":{"line":15,"column":24},"end":{"line":53,"column":2}},"loc":{"start":{"line":15,"column":24},"end":{"line":53,"column":2}},"line":15},"1":{"name":"addNewTodo","decl":{"start":{"line":36,"column":21},"end":{"line":38,"column":4}},"loc":{"start":{"line":36,"column":21},"end":{"line":38,"column":4}},"line":36},"2":{"name":"deleteTodo","decl":{"start":{"line":40,"column":21},"end":{"line":42,"column":4}},"loc":{"start":{"line":40,"column":21},"end":{"line":42,"column":4}},"line":40},"3":{"name":"toggleTodo","decl":{"start":{"line":44,"column":21},"end":{"line":46,"column":4}},"loc":{"start":{"line":44,"column":21},"end":{"line":46,"column":4}},"line":44},"4":{"name":"setTodos","decl":{"start":{"line":48,"column":19},"end":{"line":50,"column":4}},"loc":{"start":{"line":48,"column":19},"end":{"line":50,"column":4}},"line":48}},"f":{"0":16,"1":0,"2":1,"3":1,"4":0}}
}
